2016-12-16 13:03:16,013 [Worker-15] INFO  o.e.m.c.i.e.AbstractTransferListenerAdapter - Downloading https://repo.maven.apache.org/maven2/org/apache/maven/plugins/maven-compiler-plugin/3.3/maven-compiler-plugin-3.3.jar
2016-12-16 13:03:16,273 [Worker-15] INFO  o.e.m.c.i.e.AbstractTransferListenerAdapter - Downloaded https://repo.maven.apache.org/maven2/org/apache/maven/plugins/maven-compiler-plugin/3.3/maven-compiler-plugin-3.3.jar
2016-12-16 13:03:16,515 [Worker-15] INFO  o.e.m.c.i.e.AbstractTransferListenerAdapter - Downloading https://repo.maven.apache.org/maven2/org/apache/maven/plugins/maven-compiler-plugin/3.3/maven-compiler-plugin-3.3.pom
2016-12-16 13:03:16,572 [Worker-15] INFO  o.e.m.c.i.e.AbstractTransferListenerAdapter - Downloaded https://repo.maven.apache.org/maven2/org/apache/maven/plugins/maven-compiler-plugin/3.3/maven-compiler-plugin-3.3.pom
2016-12-16 13:03:16,636 [Worker-15] INFO  o.e.m.c.i.e.AbstractTransferListenerAdapter - Downloading https://repo.maven.apache.org/maven2/org/apache/maven/plugins/maven-plugins/27/maven-plugins-27.pom
2016-12-16 13:03:16,699 [Worker-15] INFO  o.e.m.c.i.e.AbstractTransferListenerAdapter - Downloaded https://repo.maven.apache.org/maven2/org/apache/maven/plugins/maven-plugins/27/maven-plugins-27.pom
2016-12-16 13:03:17,010 [Worker-15] INFO  o.e.m.c.i.e.AbstractTransferListenerAdapter - Downloading https://repo.maven.apache.org/maven2/org/apache/maven/maven-toolchain/2.2.1/maven-toolchain-2.2.1.pom
2016-12-16 13:03:17,082 [Worker-15] INFO  o.e.m.c.i.e.AbstractTransferListenerAdapter - Downloaded https://repo.maven.apache.org/maven2/org/apache/maven/maven-toolchain/2.2.1/maven-toolchain-2.2.1.pom
2016-12-16 13:03:17,315 [Worker-15] INFO  o.e.m.c.i.e.AbstractTransferListenerAdapter - Downloading https://repo.maven.apache.org/maven2/org/apache/maven/shared/maven-shared-utils/0.7/maven-shared-utils-0.7.pom
2016-12-16 13:03:17,386 [Worker-15] INFO  o.e.m.c.i.e.AbstractTransferListenerAdapter - Downloaded https://repo.maven.apache.org/maven2/org/apache/maven/shared/maven-shared-utils/0.7/maven-shared-utils-0.7.pom
2016-12-16 13:03:17,527 [Worker-15] INFO  o.e.m.c.i.e.AbstractTransferListenerAdapter - Downloading https://repo.maven.apache.org/maven2/org/codehaus/plexus/plexus-compiler-api/2.5/plexus-compiler-api-2.5.pom
2016-12-16 13:03:17,589 [Worker-15] INFO  o.e.m.c.i.e.AbstractTransferListenerAdapter - Downloaded https://repo.maven.apache.org/maven2/org/codehaus/plexus/plexus-compiler-api/2.5/plexus-compiler-api-2.5.pom
2016-12-16 13:03:17,663 [Worker-15] INFO  o.e.m.c.i.e.AbstractTransferListenerAdapter - Downloading https://repo.maven.apache.org/maven2/org/codehaus/plexus/plexus-compiler/2.5/plexus-compiler-2.5.pom
2016-12-16 13:03:17,751 [Worker-15] INFO  o.e.m.c.i.e.AbstractTransferListenerAdapter - Downloaded https://repo.maven.apache.org/maven2/org/codehaus/plexus/plexus-compiler/2.5/plexus-compiler-2.5.pom
2016-12-16 13:03:17,846 [Worker-15] INFO  o.e.m.c.i.e.AbstractTransferListenerAdapter - Downloading https://repo.maven.apache.org/maven2/org/codehaus/plexus/plexus-compiler-manager/2.5/plexus-compiler-manager-2.5.pom
2016-12-16 13:03:17,909 [Worker-15] INFO  o.e.m.c.i.e.AbstractTransferListenerAdapter - Downloaded https://repo.maven.apache.org/maven2/org/codehaus/plexus/plexus-compiler-manager/2.5/plexus-compiler-manager-2.5.pom
2016-12-16 13:03:17,976 [Worker-15] INFO  o.e.m.c.i.e.AbstractTransferListenerAdapter - Downloading https://repo.maven.apache.org/maven2/org/codehaus/plexus/plexus-compiler-javac/2.5/plexus-compiler-javac-2.5.pom
2016-12-16 13:03:18,037 [Worker-15] INFO  o.e.m.c.i.e.AbstractTransferListenerAdapter - Downloaded https://repo.maven.apache.org/maven2/org/codehaus/plexus/plexus-compiler-javac/2.5/plexus-compiler-javac-2.5.pom
2016-12-16 13:03:18,138 [Worker-15] INFO  o.e.m.c.i.e.AbstractTransferListenerAdapter - Downloading https://repo.maven.apache.org/maven2/org/codehaus/plexus/plexus-compilers/2.5/plexus-compilers-2.5.pom
2016-12-16 13:03:18,202 [Worker-15] INFO  o.e.m.c.i.e.AbstractTransferListenerAdapter - Downloaded https://repo.maven.apache.org/maven2/org/codehaus/plexus/plexus-compilers/2.5/plexus-compilers-2.5.pom
2016-12-16 13:03:18,390 [Worker-15] INFO  o.e.m.c.i.e.AbstractTransferListenerAdapter - Downloading https://repo.maven.apache.org/maven2/org/codehaus/plexus/plexus-utils/1.5.15/plexus-utils-1.5.15.jar
2016-12-16 13:03:18,593 [Worker-15] INFO  o.e.m.c.i.e.AbstractTransferListenerAdapter - Downloaded https://repo.maven.apache.org/maven2/org/codehaus/plexus/plexus-utils/1.5.15/plexus-utils-1.5.15.jar
2016-12-16 13:03:18,639 [Worker-15] INFO  o.e.m.c.i.e.AbstractTransferListenerAdapter - Downloading https://repo.maven.apache.org/maven2/org/apache/maven/maven-toolchain/2.2.1/maven-toolchain-2.2.1.jar
2016-12-16 13:03:18,690 [Worker-15] INFO  o.e.m.c.i.e.AbstractTransferListenerAdapter - Downloaded https://repo.maven.apache.org/maven2/org/apache/maven/maven-toolchain/2.2.1/maven-toolchain-2.2.1.jar
2016-12-16 13:03:18,732 [Worker-15] INFO  o.e.m.c.i.e.AbstractTransferListenerAdapter - Downloading https://repo.maven.apache.org/maven2/org/apache/maven/shared/maven-shared-utils/0.7/maven-shared-utils-0.7.jar
2016-12-16 13:03:18,884 [Worker-15] INFO  o.e.m.c.i.e.AbstractTransferListenerAdapter - Downloaded https://repo.maven.apache.org/maven2/org/apache/maven/shared/maven-shared-utils/0.7/maven-shared-utils-0.7.jar
2016-12-16 13:03:18,940 [Worker-15] INFO  o.e.m.c.i.e.AbstractTransferListenerAdapter - Downloading https://repo.maven.apache.org/maven2/org/codehaus/plexus/plexus-compiler-api/2.5/plexus-compiler-api-2.5.jar
2016-12-16 13:03:19,004 [Worker-15] INFO  o.e.m.c.i.e.AbstractTransferListenerAdapter - Downloaded https://repo.maven.apache.org/maven2/org/codehaus/plexus/plexus-compiler-api/2.5/plexus-compiler-api-2.5.jar
2016-12-16 13:03:19,119 [Worker-15] INFO  o.e.m.c.i.e.AbstractTransferListenerAdapter - Downloading https://repo.maven.apache.org/maven2/org/codehaus/plexus/plexus-compiler-manager/2.5/plexus-compiler-manager-2.5.jar
2016-12-16 13:03:19,181 [Worker-15] INFO  o.e.m.c.i.e.AbstractTransferListenerAdapter - Downloaded https://repo.maven.apache.org/maven2/org/codehaus/plexus/plexus-compiler-manager/2.5/plexus-compiler-manager-2.5.jar
2016-12-16 13:03:19,231 [Worker-15] INFO  o.e.m.c.i.e.AbstractTransferListenerAdapter - Downloading https://repo.maven.apache.org/maven2/org/codehaus/plexus/plexus-compiler-javac/2.5/plexus-compiler-javac-2.5.jar
2016-12-16 13:03:19,294 [Worker-15] INFO  o.e.m.c.i.e.AbstractTransferListenerAdapter - Downloaded https://repo.maven.apache.org/maven2/org/codehaus/plexus/plexus-compiler-javac/2.5/plexus-compiler-javac-2.5.jar
2016-12-16 13:03:19,658 [Worker-15] INFO  o.e.m.c.i.l.LifecycleMappingFactory - Using org.eclipse.m2e.jdt.JarLifecycleMapping lifecycle mapping for MavenProject: proyectoJenkins:proyectoJenkins:0.0.1-SNAPSHOT @ C:\Users\rafae\Desktop\US\Curso 16-17\EGC\jenkins\proyectoJenkins\proyectoJenkins\pom.xml.
2016-12-16 13:03:20,738 [Worker-16] WARN  o.e.m.c.i.embedder.EclipseLogger - Using platform encoding (Cp1252 actually) to copy filtered resources, i.e. build is platform dependent!
2016-12-16 13:03:20,739 [Worker-16] INFO  o.e.m.c.i.embedder.EclipseLogger - skip non existing resourceDirectory C:\Users\rafae\Desktop\US\Curso 16-17\EGC\jenkins\proyectoJenkins\proyectoJenkins\src\main\resources
2016-12-16 13:03:20,741 [Worker-16] WARN  o.e.m.c.i.embedder.EclipseLogger - Using platform encoding (Cp1252 actually) to copy filtered resources, i.e. build is platform dependent!
2016-12-16 13:03:20,742 [Worker-16] INFO  o.e.m.c.i.embedder.EclipseLogger - skip non existing resourceDirectory C:\Users\rafae\Desktop\US\Curso 16-17\EGC\jenkins\proyectoJenkins\proyectoJenkins\src\test\resources
2016-12-16 13:03:20,760 [Worker-15] INFO  o.e.m.j.i.AbstractJavaProjectConfigurator - Adding source folder /proyectoJenkins/src
2016-12-16 13:03:20,761 [Worker-15] INFO  o.e.m.j.i.AbstractJavaProjectConfigurator - Not adding source folder /proyectoJenkins/src/test/java because it overlaps with /proyectoJenkins/src
2016-12-16 13:03:20,843 [Worker-15] INFO  o.e.m.c.i.p.ProjectConfigurationManager - Update started
2016-12-16 13:03:21,344 [Worker-15] INFO  o.e.m.c.i.l.LifecycleMappingFactory - Using org.eclipse.m2e.jdt.JarLifecycleMapping lifecycle mapping for MavenProject: proyectoJenkins:proyectoJenkins:0.0.1-SNAPSHOT @ C:\Users\rafae\Desktop\US\Curso 16-17\EGC\jenkins\proyectoJenkins\proyectoJenkins\pom.xml.
2016-12-16 13:03:21,630 [Worker-15] INFO  o.e.m.j.i.AbstractJavaProjectConfigurator - Adding source folder /proyectoJenkins/src
2016-12-16 13:03:21,631 [Worker-15] INFO  o.e.m.j.i.AbstractJavaProjectConfigurator - Not adding source folder /proyectoJenkins/src/test/java because it overlaps with /proyectoJenkins/src
2016-12-16 13:03:21,700 [Worker-15] INFO  o.e.m.c.i.p.ProjectConfigurationManager - Update completed: 0 sec
2016-12-16 13:03:21,937 [Worker-21] WARN  o.e.m.c.i.embedder.EclipseLogger - Using platform encoding (Cp1252 actually) to copy filtered resources, i.e. build is platform dependent!
2016-12-16 13:03:21,939 [Worker-21] INFO  o.e.m.c.i.embedder.EclipseLogger - skip non existing resourceDirectory C:\Users\rafae\Desktop\US\Curso 16-17\EGC\jenkins\proyectoJenkins\proyectoJenkins\src\main\resources
2016-12-16 13:03:21,941 [Worker-21] WARN  o.e.m.c.i.embedder.EclipseLogger - Using platform encoding (Cp1252 actually) to copy filtered resources, i.e. build is platform dependent!
2016-12-16 13:03:21,942 [Worker-21] INFO  o.e.m.c.i.embedder.EclipseLogger - skip non existing resourceDirectory C:\Users\rafae\Desktop\US\Curso 16-17\EGC\jenkins\proyectoJenkins\proyectoJenkins\src\test\resources
2016-12-16 13:04:11,094 [ModalContext] INFO  o.e.m.c.i.e.AbstractTransferListenerAdapter - Downloading https://repo.maven.apache.org/maven2/org/apache/maven/archetypes/maven-archetype-quickstart/1.1/maven-archetype-quickstart-1.1.jar
2016-12-16 13:04:11,159 [ModalContext] INFO  o.e.m.c.i.e.AbstractTransferListenerAdapter - Downloaded https://repo.maven.apache.org/maven2/org/apache/maven/archetypes/maven-archetype-quickstart/1.1/maven-archetype-quickstart-1.1.jar
2016-12-16 13:04:11,219 [ModalContext] INFO  o.e.m.c.i.e.AbstractTransferListenerAdapter - Downloading https://repo.maven.apache.org/maven2/org/apache/maven/archetypes/maven-archetype-quickstart/1.1/maven-archetype-quickstart-1.1.pom
2016-12-16 13:04:11,281 [ModalContext] INFO  o.e.m.c.i.e.AbstractTransferListenerAdapter - Downloaded https://repo.maven.apache.org/maven2/org/apache/maven/archetypes/maven-archetype-quickstart/1.1/maven-archetype-quickstart-1.1.pom
2016-12-16 13:04:44,843 [Worker-10] INFO  o.e.m.c.i.l.LifecycleMappingFactory - Using org.eclipse.m2e.jdt.JarLifecycleMapping lifecycle mapping for MavenProject: proyectoJenkins:proyectoJenkins:0.0.1-SNAPSHOT @ C:\Users\rafae\Desktop\US\Curso 16-17\EGC\jenkins\proyectoJenkins\proyectoJenkins\pom.xml.
2016-12-16 13:04:45,438 [Worker-4] WARN  o.e.m.c.i.embedder.EclipseLogger - Using platform encoding (Cp1252 actually) to copy filtered resources, i.e. build is platform dependent!
2016-12-16 13:04:45,439 [Worker-4] INFO  o.e.m.c.i.embedder.EclipseLogger - skip non existing resourceDirectory C:\Users\rafae\Desktop\US\Curso 16-17\EGC\jenkins\proyectoJenkins\proyectoJenkins\src\main\resources
2016-12-16 13:04:45,440 [Worker-4] WARN  o.e.m.c.i.embedder.EclipseLogger - Using platform encoding (Cp1252 actually) to copy filtered resources, i.e. build is platform dependent!
2016-12-16 13:04:45,441 [Worker-4] INFO  o.e.m.c.i.embedder.EclipseLogger - skip non existing resourceDirectory C:\Users\rafae\Desktop\US\Curso 16-17\EGC\jenkins\proyectoJenkins\proyectoJenkins\src\test\resources
2016-12-16 13:04:45,457 [Worker-10] INFO  o.e.m.j.i.AbstractJavaProjectConfigurator - Adding source folder /proyectoJenkins/src
2016-12-16 13:04:45,458 [Worker-10] INFO  o.e.m.j.i.AbstractJavaProjectConfigurator - Not adding source folder /proyectoJenkins/src/test/java because it overlaps with /proyectoJenkins/src
2016-12-16 13:04:45,509 [Worker-10] INFO  o.e.m.c.i.p.ProjectConfigurationManager - Update started
2016-12-16 13:04:45,939 [Worker-10] INFO  o.e.m.c.i.l.LifecycleMappingFactory - Using org.eclipse.m2e.jdt.JarLifecycleMapping lifecycle mapping for MavenProject: proyectoJenkins:proyectoJenkins:0.0.1-SNAPSHOT @ C:\Users\rafae\Desktop\US\Curso 16-17\EGC\jenkins\proyectoJenkins\proyectoJenkins\pom.xml.
2016-12-16 13:04:46,126 [Worker-10] INFO  o.e.m.j.i.AbstractJavaProjectConfigurator - Adding source folder /proyectoJenkins/src
2016-12-16 13:04:46,126 [Worker-10] INFO  o.e.m.j.i.AbstractJavaProjectConfigurator - Not adding source folder /proyectoJenkins/src/test/java because it overlaps with /proyectoJenkins/src
2016-12-16 13:04:46,165 [Worker-10] INFO  o.e.m.c.i.p.ProjectConfigurationManager - Update completed: 0 sec
2016-12-16 13:04:46,477 [Worker-18] WARN  o.e.m.c.i.embedder.EclipseLogger - Using platform encoding (Cp1252 actually) to copy filtered resources, i.e. build is platform dependent!
2016-12-16 13:04:46,478 [Worker-18] INFO  o.e.m.c.i.embedder.EclipseLogger - skip non existing resourceDirectory C:\Users\rafae\Desktop\US\Curso 16-17\EGC\jenkins\proyectoJenkins\proyectoJenkins\src\main\resources
2016-12-16 13:04:46,480 [Worker-18] WARN  o.e.m.c.i.embedder.EclipseLogger - Using platform encoding (Cp1252 actually) to copy filtered resources, i.e. build is platform dependent!
2016-12-16 13:04:46,480 [Worker-18] INFO  o.e.m.c.i.embedder.EclipseLogger - skip non existing resourceDirectory C:\Users\rafae\Desktop\US\Curso 16-17\EGC\jenkins\proyectoJenkins\proyectoJenkins\src\test\resources
2016-12-16 13:04:57,665 [Worker-6] WARN  o.e.m.c.i.embedder.EclipseLogger - Using platform encoding (Cp1252 actually) to copy filtered resources, i.e. build is platform dependent!
2016-12-16 13:04:57,668 [Worker-6] INFO  o.e.m.c.i.embedder.EclipseLogger - skip non existing resourceDirectory C:\Users\rafae\Desktop\US\Curso 16-17\EGC\jenkins\proyectoJenkins\proyectoJenkins\src\main\resources
2016-12-16 13:04:57,671 [Worker-6] WARN  o.e.m.c.i.embedder.EclipseLogger - Using platform encoding (Cp1252 actually) to copy filtered resources, i.e. build is platform dependent!
2016-12-16 13:04:57,672 [Worker-6] INFO  o.e.m.c.i.embedder.EclipseLogger - skip non existing resourceDirectory C:\Users\rafae\Desktop\US\Curso 16-17\EGC\jenkins\proyectoJenkins\proyectoJenkins\src\test\resources
2016-12-16 13:05:04,274 [Worker-6] WARN  o.e.m.c.i.embedder.EclipseLogger - Using platform encoding (Cp1252 actually) to copy filtered resources, i.e. build is platform dependent!
2016-12-16 13:05:04,275 [Worker-6] INFO  o.e.m.c.i.embedder.EclipseLogger - skip non existing resourceDirectory C:\Users\rafae\Desktop\US\Curso 16-17\EGC\jenkins\proyectoJenkins\proyectoJenkins\src\main\resources
2016-12-16 13:05:04,276 [Worker-6] WARN  o.e.m.c.i.embedder.EclipseLogger - Using platform encoding (Cp1252 actually) to copy filtered resources, i.e. build is platform dependent!
2016-12-16 13:05:04,277 [Worker-6] INFO  o.e.m.c.i.embedder.EclipseLogger - skip non existing resourceDirectory C:\Users\rafae\Desktop\US\Curso 16-17\EGC\jenkins\proyectoJenkins\proyectoJenkins\src\test\resources
2016-12-16 13:05:12,224 [Worker-7] WARN  o.e.m.c.i.embedder.EclipseLogger - Using platform encoding (Cp1252 actually) to copy filtered resources, i.e. build is platform dependent!
2016-12-16 13:05:12,225 [Worker-7] INFO  o.e.m.c.i.embedder.EclipseLogger - skip non existing resourceDirectory C:\Users\rafae\Desktop\US\Curso 16-17\EGC\jenkins\proyectoJenkins\proyectoJenkins\src\main\resources
2016-12-16 13:05:12,227 [Worker-7] WARN  o.e.m.c.i.embedder.EclipseLogger - Using platform encoding (Cp1252 actually) to copy filtered resources, i.e. build is platform dependent!
2016-12-16 13:05:12,228 [Worker-7] INFO  o.e.m.c.i.embedder.EclipseLogger - skip non existing resourceDirectory C:\Users\rafae\Desktop\US\Curso 16-17\EGC\jenkins\proyectoJenkins\proyectoJenkins\src\test\resources
2016-12-16 13:05:37,265 [Worker-3] WARN  o.e.m.c.i.embedder.EclipseLogger - Using platform encoding (Cp1252 actually) to copy filtered resources, i.e. build is platform dependent!
2016-12-16 13:05:37,268 [Worker-3] INFO  o.e.m.c.i.embedder.EclipseLogger - skip non existing resourceDirectory C:\Users\rafae\Desktop\US\Curso 16-17\EGC\jenkins\proyectoJenkins\proyectoJenkins\src\main\resources
2016-12-16 13:05:37,270 [Worker-3] WARN  o.e.m.c.i.embedder.EclipseLogger - Using platform encoding (Cp1252 actually) to copy filtered resources, i.e. build is platform dependent!
2016-12-16 13:05:37,271 [Worker-3] INFO  o.e.m.c.i.embedder.EclipseLogger - skip non existing resourceDirectory C:\Users\rafae\Desktop\US\Curso 16-17\EGC\jenkins\proyectoJenkins\proyectoJenkins\src\test\resources
2016-12-16 13:05:45,801 [Worker-16] WARN  o.e.m.c.i.embedder.EclipseLogger - Using platform encoding (Cp1252 actually) to copy filtered resources, i.e. build is platform dependent!
2016-12-16 13:05:45,802 [Worker-16] INFO  o.e.m.c.i.embedder.EclipseLogger - skip non existing resourceDirectory C:\Users\rafae\Desktop\US\Curso 16-17\EGC\jenkins\proyectoJenkins\proyectoJenkins\src\main\resources
2016-12-16 13:05:45,803 [Worker-16] WARN  o.e.m.c.i.embedder.EclipseLogger - Using platform encoding (Cp1252 actually) to copy filtered resources, i.e. build is platform dependent!
2016-12-16 13:05:45,804 [Worker-16] INFO  o.e.m.c.i.embedder.EclipseLogger - skip non existing resourceDirectory C:\Users\rafae\Desktop\US\Curso 16-17\EGC\jenkins\proyectoJenkins\proyectoJenkins\src\test\resources
2016-12-16 13:06:05,367 [Worker-12] WARN  o.e.m.c.i.embedder.EclipseLogger - Using platform encoding (Cp1252 actually) to copy filtered resources, i.e. build is platform dependent!
2016-12-16 13:06:05,368 [Worker-12] INFO  o.e.m.c.i.embedder.EclipseLogger - skip non existing resourceDirectory C:\Users\rafae\Desktop\US\Curso 16-17\EGC\jenkins\proyectoJenkins\proyectoJenkins\src\main\resources
2016-12-16 13:06:05,370 [Worker-12] WARN  o.e.m.c.i.embedder.EclipseLogger - Using platform encoding (Cp1252 actually) to copy filtered resources, i.e. build is platform dependent!
2016-12-16 13:06:05,371 [Worker-12] INFO  o.e.m.c.i.embedder.EclipseLogger - skip non existing resourceDirectory C:\Users\rafae\Desktop\US\Curso 16-17\EGC\jenkins\proyectoJenkins\proyectoJenkins\src\test\resources
2016-12-16 13:07:11,788 [Worker-4] WARN  o.e.m.c.i.embedder.EclipseLogger - Using platform encoding (Cp1252 actually) to copy filtered resources, i.e. build is platform dependent!
2016-12-16 13:07:11,789 [Worker-4] INFO  o.e.m.c.i.embedder.EclipseLogger - skip non existing resourceDirectory C:\Users\rafae\Desktop\US\Curso 16-17\EGC\jenkins\proyectoJenkins\proyectoJenkins\src\main\resources
2016-12-16 13:07:11,791 [Worker-4] WARN  o.e.m.c.i.embedder.EclipseLogger - Using platform encoding (Cp1252 actually) to copy filtered resources, i.e. build is platform dependent!
2016-12-16 13:07:11,792 [Worker-4] INFO  o.e.m.c.i.embedder.EclipseLogger - skip non existing resourceDirectory C:\Users\rafae\Desktop\US\Curso 16-17\EGC\jenkins\proyectoJenkins\proyectoJenkins\src\test\resources
